2020-06-21T21:05:37.596Z [api-intimacoes] info: API Iniciada!!!
2020-06-21T21:06:20.191Z [api-intimacoes] info: API Iniciada!!! Porta: 8080
2020-06-21T21:07:15.734Z [api-intimacoes] info: GET /TodasContas
2020-06-21T21:12:00.379Z [api-intimacoes] info: API Iniciada!!! Porta: 8080
2020-06-21T21:12:02.540Z [api-intimacoes] info: API Iniciada!!! Porta: 8080
2020-06-21T21:12:29.146Z [api-intimacoes] info: API Iniciada!!! Porta: 8080
2020-06-21T21:13:00.367Z [api-intimacoes] info: API Iniciada!!! Porta: 8080
2020-06-21T21:14:22.796Z [api-intimacoes] info: API Iniciada!!! Porta: 8080
2020-06-21T21:14:30.940Z [api-intimacoes] info: GET /TodasContas
2020-06-21T21:19:55.476Z [api-intimacoes] info: API Iniciada!!! Porta: 8080
2020-06-21T21:20:03.873Z [api-intimacoes] info: API Iniciada!!! Porta: 8080
2020-06-21T21:20:10.084Z [api-intimacoes] info: API Iniciada!!! Porta: 8080
2020-06-21T21:20:18.929Z [api-intimacoes] info: API Iniciada!!! Porta: 8080
2020-06-21T21:22:04.059Z [api-intimacoes] info: POST /CriarIntimacao - {"id":1,"cdProcesso":"1000"}
2020-06-21T21:22:08.913Z [api-intimacoes] info: GET /TodasContas
2020-06-21T21:29:19.233Z [api-intimacoes] info: API Iniciada!!! Porta: 8080
2020-06-21T21:29:29.544Z [api-intimacoes] info: POST /CriarIntimacao - {"CDATO":2,"CDPROCESSO":"1000"}
2020-06-21T21:29:34.781Z [api-intimacoes] info: GET /TodasContas
2020-06-21T21:30:18.311Z [api-intimacoes] info: GET /TodasContas
2020-06-21T21:30:36.791Z [api-intimacoes] info: API Iniciada!!! Porta: 8080
2020-06-21T21:31:00.787Z [api-intimacoes] info: API Iniciada!!! Porta: 8080
2020-06-21T21:31:10.325Z [api-intimacoes] info: API Iniciada!!! Porta: 8080
2020-06-21T21:33:55.816Z [api-intimacoes] info: API Iniciada!!! Porta: 8080
2020-06-21T21:34:32.296Z [api-intimacoes] info: API Iniciada!!! Porta: 8080
2020-06-21T21:34:33.238Z [api-intimacoes] info: POST /CriarIntimacao - {"CDATO":3,"CDPROCESSO":"1000","NUPROCESSO":""}
2020-06-21T21:34:36.429Z [api-intimacoes] info: GET /TodasContas
2020-06-21T21:35:57.758Z [api-intimacoes] info: API Iniciada!!! Porta: 8080
2020-06-21T21:36:05.604Z [api-intimacoes] info: POST /CriarIntimacao - {"CDATO":4,"CDPROCESSO":"1000","NUPROCESSO":"","DTPUBLICACAO":"2020-06-21T21:36:05.595Z"}
2020-06-21T21:36:08.582Z [api-intimacoes] info: GET /TodasContas
2020-06-21T21:37:18.858Z [api-intimacoes] info: API Iniciada!!! Porta: 8080
2020-06-21T21:38:25.988Z [api-intimacoes] info: API Iniciada!!! Porta: 8080
2020-06-21T21:38:31.833Z [api-intimacoes] info: POST /CriarIntimacao - {"CDATO":5,"CDPROCESSO":"1000","NUPROCESSO":"","DTPUBLICACAO":21}
2020-06-21T21:38:33.799Z [api-intimacoes] info: GET /TodasContas
2020-06-21T21:38:56.401Z [api-intimacoes] info: API Iniciada!!! Porta: 8080
2020-06-21T21:39:00.020Z [api-intimacoes] info: POST /CriarIntimacao - {"CDATO":6,"CDPROCESSO":"1000","NUPROCESSO":"","DTPUBLICACAO":38}
2020-06-21T21:39:02.390Z [api-intimacoes] info: GET /TodasContas
2020-06-21T21:40:54.870Z [api-intimacoes] info: API Iniciada!!! Porta: 8080
2020-06-21T21:41:16.517Z [api-intimacoes] info: API Iniciada!!! Porta: 8080
2020-06-21T21:46:57.350Z [api-intimacoes] info: API Iniciada!!! Porta: 8080
2020-06-21T21:48:04.454Z [api-intimacoes] info: API Iniciada!!! Porta: 8080
2020-06-21T21:49:19.225Z [api-intimacoes] info: API Iniciada!!! Porta: 8080
2020-06-21T21:49:23.573Z [api-intimacoes] info: POST /CriarIntimacao - {"CDATO":7,"CDPROCESSO":"1000","NUPROCESSO":"","DTPUBLICACAO":"21 - 6 - 2020"}
2020-06-21T21:49:28.005Z [api-intimacoes] info: GET /TodasContas
2020-06-21T21:49:38.196Z [api-intimacoes] info: API Iniciada!!! Porta: 8080
2020-06-21T21:51:37.675Z [api-intimacoes] info: API Iniciada!!! Porta: 8080
2020-06-21T21:51:44.507Z [api-intimacoes] info: POST /CriarIntimacao - {"CDATO":8,"CDPROCESSO":"1000","NUPROCESSO":"","DTPUBLICACAO":"21-6-2020"}
2020-06-21T21:51:46.897Z [api-intimacoes] info: GET /TodasContas
2020-06-21T21:52:04.217Z [api-intimacoes] info: API Iniciada!!! Porta: 8080
2020-06-21T21:52:07.314Z [api-intimacoes] info: POST /CriarIntimacao - {"CDATO":9,"CDPROCESSO":"1000","NUPROCESSO":""}
2020-06-21T21:52:09.584Z [api-intimacoes] info: GET /TodasContas
2020-06-21T21:52:53.823Z [api-intimacoes] info: POST /CriarIntimacao - {"CDATO":10,"CDPROCESSO":"1000","NUPROCESSO":""}
2020-06-21T21:53:03.498Z [api-intimacoes] info: API Iniciada!!! Porta: 8080
2020-06-21T21:53:08.498Z [api-intimacoes] info: POST /CriarIntimacao - {"CDATO":11,"CDPROCESSO":"1000","NUPROCESSO":"","DTPUBLICACAO":"21/6/202018:53"}
2020-06-21T21:53:37.804Z [api-intimacoes] info: API Iniciada!!! Porta: 8080
2020-06-21T21:53:39.837Z [api-intimacoes] info: POST /CriarIntimacao - {"CDATO":12,"CDPROCESSO":"1000","NUPROCESSO":"","DTPUBLICACAO":"21/6/2020 18:53"}
2020-06-21T21:54:13.981Z [api-intimacoes] info: API Iniciada!!! Porta: 8080
2020-06-21T21:54:16.901Z [api-intimacoes] info: POST /CriarIntimacao - {"CDATO":13,"CDPROCESSO":"1000","NUPROCESSO":"","DTPUBLICACAO":"21/6/2020 18:54:16"}
2020-06-21T21:55:12.057Z [api-intimacoes] info: API Iniciada!!! Porta: 8080
2020-06-21T21:55:31.706Z [api-intimacoes] info: API Iniciada!!! Porta: 8080
2020-06-21T21:56:04.962Z [api-intimacoes] info: API Iniciada!!! Porta: 8080
2020-06-21T22:07:34.579Z [api-intimacoes] info: API Iniciada!!! Porta: 8080
2020-06-21T22:07:44.844Z [api-intimacoes] info: API Iniciada!!! Porta: 8080
2020-06-21T22:07:56.021Z [api-intimacoes] info: API Iniciada!!! Porta: 8080
2020-06-21T22:08:04.299Z [api-intimacoes] info: API Iniciada!!! Porta: 8080
2020-06-21T22:08:07.949Z [api-intimacoes] info: API Iniciada!!! Porta: 8080
2020-06-21T22:08:25.726Z [api-intimacoes] info: API Iniciada!!! Porta: 8080
2020-06-21T22:09:12.178Z [api-intimacoes] info: POST /CriarIntimacaoJson - {"id":1,"CDPROCESSO":"ABCDEFGH0","NUPROCESSO":"1234567-12-1234.8.19.1234","CDOBJETOATO":"XXXXXXX1","CDCONVENIO":1,"DECONVENIO":"Ministério Público","DEMENSAGEMERRO":"CPF Inválido"}
2020-06-21T22:09:16.097Z [api-intimacoes] info: GET /TodasContas
2020-06-21T22:09:38.160Z [api-intimacoes] info: API Iniciada!!! Porta: 8080
2020-06-21T22:15:12.852Z [api-intimacoes] info: API Iniciada!!! Porta: 8080
2020-06-21T22:15:17.242Z [api-intimacoes] info: GET /TodasContas
2020-06-21T22:15:18.326Z [api-intimacoes] info: GET /TodasContas
2020-06-21T22:15:19.235Z [api-intimacoes] info: GET /TodasContas
2020-06-21T22:15:37.029Z [api-intimacoes] info: POST /CriarIntimacaoJson - {"CDATO":1,"CDPROCESSO":"ABCDEFGH0","NUPROCESSO":"1234567-12-1234.8.19.1234","CDOBJETOATO":"XXXXXXX1","CDCONVENIO":1,"DECONVENIO":"Ministério Público","DEMENSAGEMERRO":"CPF Inválido"}
2020-06-21T22:15:48.201Z [api-intimacoes] info: GET /TodasContas
2020-06-21T22:17:37.603Z [api-intimacoes] info: POST /CriarIntimacaoJson - {"CDATO":2,"CDPROCESSO":"ABCDEFGH0","NUPROCESSO":"1234567-12-1234.8.19.1234","CDOBJETOATO":"XXXXXXX1","CDCONVENIO":1,"DECONVENIO":"Ministério Público","DEMENSAGEMERRO":"CPF Inválido"}
2020-06-21T22:17:39.846Z [api-intimacoes] info: GET /TodasContas
2020-06-21T22:17:46.413Z [api-intimacoes] info: GET /TodasContas
2020-06-21T22:17:47.069Z [api-intimacoes] info: GET /TodasContas
2020-06-21T22:17:47.336Z [api-intimacoes] info: GET /TodasContas
2020-06-21T22:17:47.603Z [api-intimacoes] info: GET /TodasContas
2020-06-21T22:17:47.831Z [api-intimacoes] info: GET /TodasContas
2020-06-21T22:17:48.164Z [api-intimacoes] info: GET /TodasContas
2020-06-21T22:18:08.627Z [api-intimacoes] info: GET /TodasContas
2020-06-21T22:18:09.269Z [api-intimacoes] info: GET /TodasContas
2020-06-21T22:18:09.913Z [api-intimacoes] info: GET /TodasContas
2020-06-21T22:19:15.476Z [api-intimacoes] info: GET /TodasContas
2020-06-21T23:14:29.074Z [api-intimacoes] info: API Iniciada!!! Porta: 3000
2020-06-21T23:14:42.112Z [api-intimacoes] info: GET /TodasContas
2020-06-21T23:15:39.775Z [api-intimacoes] info: POST /CriarIntimacaoJson - {"CDATO":1,"DTPUBLICACAO":"21/6/2020 20:15:39","CDPROCESSO":"ABCDEFGH0","NUPROCESSO":"1234567-12-1234.8.19.1234","CDOBJETOATO":"XXXXXXX1","CDCONVENIO":1,"DECONVENIO":"Ministério Público","DEMENSAGEMERRO":"CPF Inválido"}
2020-06-21T23:15:59.077Z [api-intimacoes] info: GET /TodasContas
2020-06-21T23:16:09.730Z [api-intimacoes] info: POST /CriarIntimacaoJson - {"CDATO":2,"DTPUBLICACAO":"21/6/2020 20:16:9","CDPROCESSO":"ABCDEFGH0","NUPROCESSO":"1234567-12-1234.8.19.1234","CDOBJETOATO":"XXXXXXX1","CDCONVENIO":1,"DECONVENIO":"Ministério Público","DEMENSAGEMERRO":"CPF Inválido"}
2020-06-21T23:16:12.302Z [api-intimacoes] info: GET /TodasContas
2020-06-21T23:16:41.313Z [api-intimacoes] info: GET /TodasContas
2020-06-21T23:16:44.995Z [api-intimacoes] info: POST /CriarIntimacaoJson - {"CDATO":3,"DTPUBLICACAO":"21/6/2020 20:16:44","CDPROCESSO":"ABCDEFGH0","NUPROCESSO":"1234567-12-1234.8.19.1234","CDOBJETOATO":"XXXXXXX1","CDCONVENIO":1,"DECONVENIO":"Ministério Público","DEMENSAGEMERRO":"CPF Inválido"}
2020-06-21T23:16:47.809Z [api-intimacoes] info: GET /TodasContas
2020-06-21T23:18:39.970Z [api-intimacoes] info: POST /CriarIntimacaoJson - {"CDATO":4,"DTPUBLICACAO":"21/6/2020 20:18:39","CDPROCESSO":"IJKLMNOP0","NUPROCESSO":"1597568-12-1234.8.19.1234","CDOBJETOATO":"XXXXXXX2","CDCONVENIO":1,"DECONVENIO":"Ministério Público","DEMENSAGEMERRO":"Error: Access Violation"}
2020-06-21T23:18:40.955Z [api-intimacoes] info: POST /CriarIntimacaoJson - {"CDATO":5,"DTPUBLICACAO":"21/6/2020 20:18:40","CDPROCESSO":"IJKLMNOP0","NUPROCESSO":"1597568-12-1234.8.19.1234","CDOBJETOATO":"XXXXXXX2","CDCONVENIO":1,"DECONVENIO":"Ministério Público","DEMENSAGEMERRO":"Error: Access Violation"}
2020-06-21T23:18:42.219Z [api-intimacoes] info: POST /CriarIntimacaoJson - {"CDATO":6,"DTPUBLICACAO":"21/6/2020 20:18:42","CDPROCESSO":"IJKLMNOP0","NUPROCESSO":"1597568-12-1234.8.19.1234","CDOBJETOATO":"XXXXXXX2","CDCONVENIO":1,"DECONVENIO":"Ministério Público","DEMENSAGEMERRO":"Error: Access Violation"}
2020-06-21T23:19:16.003Z [api-intimacoes] info: GET /TodasContas
2020-06-21T23:21:09.468Z [api-intimacoes] info: API Iniciada!!! Porta: 3000
2020-06-21T23:21:10.569Z [api-intimacoes] info: GET /TodasContas
2020-06-21T23:21:19.645Z [api-intimacoes] info: POST /CriarIntimacaoJson - {"CDATO":1,"DTPUBLICACAO":"21/6/2020 20:21:19","CDPROCESSO":"IJKLMNOP0","NUPROCESSO":"1597568-12-1234.8.19.1234","CDOBJETOATO":"XXXXXXX2","CDCONVENIO":1,"DECONVENIO":"Ministério Público","DEMENSAGEMERRO":"Error: Access Violation"}
2020-06-21T23:21:40.866Z [api-intimacoes] info: POST /CriarIntimacaoJson - {"CDATO":2,"DTPUBLICACAO":"21/6/2020 20:21:40","CDPROCESSO":"ABCDEFGH0","NUPROCESSO":"1234567-12-1234.8.19.1234","CDOBJETOATO":"XXXXXXX1","CDCONVENIO":1,"DECONVENIO":"Ministério Público","DEMENSAGEMERRO":"Error: Access Violation"}
2020-06-21T23:21:42.793Z [api-intimacoes] info: GET /TodasContas
2020-06-21T23:21:43.062Z [api-intimacoes] info: GET /TodasContas
2020-06-21T23:22:11.674Z [api-intimacoes] info: API Iniciada!!! Porta: 3000
2020-06-21T23:22:55.058Z [api-intimacoes] info: API Iniciada!!! Porta: 3000
2020-06-21T23:23:02.138Z [api-intimacoes] info: GET /TodasContas
2020-06-21T23:27:40.164Z [api-intimacoes] info: API Iniciada!!! Porta: 3000
2020-06-21T23:27:53.217Z [api-intimacoes] info: API Iniciada!!! Porta: 3000
2020-06-21T23:28:02.473Z [api-intimacoes] info: API Iniciada!!! Porta: 3000
2020-06-21T23:28:05.947Z [api-intimacoes] info: API Iniciada!!! Porta: 3000
2020-06-21T23:29:26.138Z [api-intimacoes] info: API Iniciada!!! Porta: 3000
2020-06-21T23:32:03.116Z [api-intimacoes] info: API Iniciada!!! Porta: 3000
2020-06-21T23:32:09.402Z [api-intimacoes] info: GET /TodasContas
2020-06-21T23:32:10.402Z [api-intimacoes] info: GET /TodasContas
2020-06-21T23:32:29.985Z [api-intimacoes] info: GET /TodasContas
2020-06-21T23:33:02.968Z [api-intimacoes] info: GET /ConsultarIntimacaoProcesso - " 1597568-12-1234.8.19.1234
2020-06-21T23:33:40.368Z [api-intimacoes] info: GET /ConsultarIntimacaoProcesso - " 1597568-12-1234.8.19.1234
2020-06-21T23:33:50.182Z [api-intimacoes] info: API Iniciada!!! Porta: 3000
2020-06-21T23:33:52.576Z [api-intimacoes] info: GET /ConsultarIntimacaoProcesso - " 1597568-12-1234.8.19.1234
2020-06-21T23:34:54.685Z [api-intimacoes] info: GET /ConsultarIntimacaoProcesso - " 15971118-12-1234.8.19.1234
2020-06-21T23:37:56.839Z [api-intimacoes] info: GET /TodasContas
